2016-11-20 06:42:12 Error: [MissingControllerException] Controller class Cakep01Controller could not be found.
#0 C:\xampp\htdocs\cake_p01\app\webroot\index.php(92): Dispatcher->dispatch(Object(CakeRequest), Object(CakeResponse))
#1 {main}
2016-11-20 07:34:50 Error: [MissingActionException] Action Cakep01Controller::cakep01() could not be found.
#0 C:\Users\PETABIT N-095\Documents\GitHub\cake_p01\cake_p01\lib\Cake\Routing\Dispatcher.php(103): Controller->invokeAction(Object(CakeRequest))
#1 C:\Users\PETABIT N-095\Documents\GitHub\cake_p01\cake_p01\lib\Cake\Routing\Dispatcher.php(85): Dispatcher->_invoke(Object(Cakep01Controller), Object(CakeRequest), Object(CakeResponse))
#2 C:\Users\PETABIT N-095\Documents\GitHub\cake_p01\cake_p01\app\webroot\index.php(92): Dispatcher->dispatch(Object(CakeRequest), Object(CakeResponse))
#3 C:\Users\PETABIT N-095\Documents\GitHub\cake_p01\cake_p01\index.php(40): require('C:\\Users\\PETABI...')
#4 {main}
2016-11-20 07:34:51 Error: [MissingActionException] Action Cakep01Controller::css() could not be found.
#0 C:\Users\PETABIT N-095\Documents\GitHub\cake_p01\cake_p01\lib\Cake\Routing\Dispatcher.php(103): Controller->invokeAction(Object(CakeRequest))
#1 C:\Users\PETABIT N-095\Documents\GitHub\cake_p01\cake_p01\lib\Cake\Routing\Dispatcher.php(85): Dispatcher->_invoke(Object(Cakep01Controller), Object(CakeRequest), Object(CakeResponse))
#2 C:\Users\PETABIT N-095\Documents\GitHub\cake_p01\cake_p01\app\webroot\index.php(92): Dispatcher->dispatch(Object(CakeRequest), Object(CakeResponse))
#3 C:\Users\PETABIT N-095\Documents\GitHub\cake_p01\cake_p01\index.php(40): require('C:\\Users\\PETABI...')
#4 {main}
2016-11-20 07:34:51 Error: [MissingActionException] Action Cakep01Controller::img() could not be found.
#0 C:\Users\PETABIT N-095\Documents\GitHub\cake_p01\cake_p01\lib\Cake\Routing\Dispatcher.php(103): Controller->invokeAction(Object(CakeRequest))
#1 C:\Users\PETABIT N-095\Documents\GitHub\cake_p01\cake_p01\lib\Cake\Routing\Dispatcher.php(85): Dispatcher->_invoke(Object(Cakep01Controller), Object(CakeRequest), Object(CakeResponse))
#2 C:\Users\PETABIT N-095\Documents\GitHub\cake_p01\cake_p01\app\webroot\index.php(92): Dispatcher->dispatch(Object(CakeRequest), Object(CakeResponse))
#3 C:\Users\PETABIT N-095\Documents\GitHub\cake_p01\cake_p01\index.php(40): require('C:\\Users\\PETABI...')
#4 {main}
2016-11-20 07:34:51 Error: [MissingActionException] Action Cakep01Controller::favicon.ico() could not be found.
#0 C:\Users\PETABIT N-095\Documents\GitHub\cake_p01\cake_p01\lib\Cake\Routing\Dispatcher.php(103): Controller->invokeAction(Object(CakeRequest))
#1 C:\Users\PETABIT N-095\Documents\GitHub\cake_p01\cake_p01\lib\Cake\Routing\Dispatcher.php(85): Dispatcher->_invoke(Object(Cakep01Controller), Object(CakeRequest), Object(CakeResponse))
#2 C:\Users\PETABIT N-095\Documents\GitHub\cake_p01\cake_p01\app\webroot\index.php(92): Dispatcher->dispatch(Object(CakeRequest), Object(CakeResponse))
#3 C:\Users\PETABIT N-095\Documents\GitHub\cake_p01\cake_p01\index.php(40): require('C:\\Users\\PETABI...')
#4 {main}
2016-11-20 07:35:28 Error: [MissingActionException] Action Cakep01Controller::cakep01() could not be found.
#0 C:\Users\PETABIT N-095\Documents\GitHub\cake_p01\cake_p01\lib\Cake\Routing\Dispatcher.php(103): Controller->invokeAction(Object(CakeRequest))
#1 C:\Users\PETABIT N-095\Documents\GitHub\cake_p01\cake_p01\lib\Cake\Routing\Dispatcher.php(85): Dispatcher->_invoke(Object(Cakep01Controller), Object(CakeRequest), Object(CakeResponse))
#2 C:\Users\PETABIT N-095\Documents\GitHub\cake_p01\cake_p01\app\webroot\index.php(92): Dispatcher->dispatch(Object(CakeRequest), Object(CakeResponse))
#3 C:\Users\PETABIT N-095\Documents\GitHub\cake_p01\cake_p01\index.php(40): require('C:\\Users\\PETABI...')
#4 {main}
2016-11-20 07:35:28 Error: [MissingActionException] Action Cakep01Controller::css() could not be found.
#0 C:\Users\PETABIT N-095\Documents\GitHub\cake_p01\cake_p01\lib\Cake\Routing\Dispatcher.php(103): Controller->invokeAction(Object(CakeRequest))
#1 C:\Users\PETABIT N-095\Documents\GitHub\cake_p01\cake_p01\lib\Cake\Routing\Dispatcher.php(85): Dispatcher->_invoke(Object(Cakep01Controller), Object(CakeRequest), Object(CakeResponse))
#2 C:\Users\PETABIT N-095\Documents\GitHub\cake_p01\cake_p01\app\webroot\index.php(92): Dispatcher->dispatch(Object(CakeRequest), Object(CakeResponse))
#3 C:\Users\PETABIT N-095\Documents\GitHub\cake_p01\cake_p01\index.php(40): require('C:\\Users\\PETABI...')
#4 {main}
2016-11-20 07:35:28 Error: [MissingActionException] Action Cakep01Controller::img() could not be found.
#0 C:\Users\PETABIT N-095\Documents\GitHub\cake_p01\cake_p01\lib\Cake\Routing\Dispatcher.php(103): Controller->invokeAction(Object(CakeRequest))
#1 C:\Users\PETABIT N-095\Documents\GitHub\cake_p01\cake_p01\lib\Cake\Routing\Dispatcher.php(85): Dispatcher->_invoke(Object(Cakep01Controller), Object(CakeRequest), Object(CakeResponse))
#2 C:\Users\PETABIT N-095\Documents\GitHub\cake_p01\cake_p01\app\webroot\index.php(92): Dispatcher->dispatch(Object(CakeRequest), Object(CakeResponse))
#3 C:\Users\PETABIT N-095\Documents\GitHub\cake_p01\cake_p01\index.php(40): require('C:\\Users\\PETABI...')
#4 {main}
2016-11-20 07:38:00 Error: [MissingActionException] Action Cakep01Controller::cakep01() could not be found.
#0 C:\Users\PETABIT N-095\Documents\GitHub\cake_p01\cake_p01\lib\Cake\Routing\Dispatcher.php(103): Controller->invokeAction(Object(CakeRequest))
#1 C:\Users\PETABIT N-095\Documents\GitHub\cake_p01\cake_p01\lib\Cake\Routing\Dispatcher.php(85): Dispatcher->_invoke(Object(Cakep01Controller), Object(CakeRequest), Object(CakeResponse))
#2 C:\Users\PETABIT N-095\Documents\GitHub\cake_p01\cake_p01\app\webroot\index.php(92): Dispatcher->dispatch(Object(CakeRequest), Object(CakeResponse))
#3 C:\Users\PETABIT N-095\Documents\GitHub\cake_p01\cake_p01\index.php(40): require('C:\\Users\\PETABI...')
#4 {main}
2016-11-20 07:38:01 Error: [MissingActionException] Action Cakep01Controller::img() could not be found.
#0 C:\Users\PETABIT N-095\Documents\GitHub\cake_p01\cake_p01\lib\Cake\Routing\Dispatcher.php(103): Controller->invokeAction(Object(CakeRequest))
#1 C:\Users\PETABIT N-095\Documents\GitHub\cake_p01\cake_p01\lib\Cake\Routing\Dispatcher.php(85): Dispatcher->_invoke(Object(Cakep01Controller), Object(CakeRequest), Object(CakeResponse))
#2 C:\Users\PETABIT N-095\Documents\GitHub\cake_p01\cake_p01\app\webroot\index.php(92): Dispatcher->dispatch(Object(CakeRequest), Object(CakeResponse))
#3 C:\Users\PETABIT N-095\Documents\GitHub\cake_p01\cake_p01\index.php(40): require('C:\\Users\\PETABI...')
#4 {main}
2016-11-20 07:38:01 Error: [MissingActionException] Action Cakep01Controller::css() could not be found.
#0 C:\Users\PETABIT N-095\Documents\GitHub\cake_p01\cake_p01\lib\Cake\Routing\Dispatcher.php(103): Controller->invokeAction(Object(CakeRequest))
#1 C:\Users\PETABIT N-095\Documents\GitHub\cake_p01\cake_p01\lib\Cake\Routing\Dispatcher.php(85): Dispatcher->_invoke(Object(Cakep01Controller), Object(CakeRequest), Object(CakeResponse))
#2 C:\Users\PETABIT N-095\Documents\GitHub\cake_p01\cake_p01\app\webroot\index.php(92): Dispatcher->dispatch(Object(CakeRequest), Object(CakeResponse))
#3 C:\Users\PETABIT N-095\Documents\GitHub\cake_p01\cake_p01\index.php(40): require('C:\\Users\\PETABI...')
#4 {main}
2016-11-20 07:38:01 Error: [MissingActionException] Action Cakep01Controller::img() could not be found.
#0 C:\Users\PETABIT N-095\Documents\GitHub\cake_p01\cake_p01\lib\Cake\Routing\Dispatcher.php(103): Controller->invokeAction(Object(CakeRequest))
#1 C:\Users\PETABIT N-095\Documents\GitHub\cake_p01\cake_p01\lib\Cake\Routing\Dispatcher.php(85): Dispatcher->_invoke(Object(Cakep01Controller), Object(CakeRequest), Object(CakeResponse))
#2 C:\Users\PETABIT N-095\Documents\GitHub\cake_p01\cake_p01\app\webroot\index.php(92): Dispatcher->dispatch(Object(CakeRequest), Object(CakeResponse))
#3 C:\Users\PETABIT N-095\Documents\GitHub\cake_p01\cake_p01\index.php(40): require('C:\\Users\\PETABI...')
#4 {main}
2016-11-20 07:56:35 Error: [MissingControllerException] Controller class CssController could not be found.
#0 C:\Users\PETABIT N-095\Documents\GitHub\cake_p01\cake_p01\app\webroot\index.php(92): Dispatcher->dispatch(Object(CakeRequest), Object(CakeResponse))
#1 C:\Users\PETABIT N-095\Documents\GitHub\cake_p01\cake_p01\index.php(40): require('C:\\Users\\PETABI...')
#2 {main}
2016-11-20 07:56:36 Error: [MissingControllerException] Controller class ImgController could not be found.
#0 C:\Users\PETABIT N-095\Documents\GitHub\cake_p01\cake_p01\app\webroot\index.php(92): Dispatcher->dispatch(Object(CakeRequest), Object(CakeResponse))
#1 C:\Users\PETABIT N-095\Documents\GitHub\cake_p01\cake_p01\index.php(40): require('C:\\Users\\PETABI...')
#2 {main}
2016-11-20 08:21:31 Error: [MissingControllerException] Controller class CssController could not be found.
#0 C:\Users\PETABIT N-095\Documents\GitHub\cake_p01\cake_p01\app\webroot\index.php(92): Dispatcher->dispatch(Object(CakeRequest), Object(CakeResponse))
#1 C:\Users\PETABIT N-095\Documents\GitHub\cake_p01\cake_p01\index.php(40): require('C:\\Users\\PETABI...')
#2 {main}
2016-11-20 08:21:32 Error: [MissingControllerException] Controller class ImgController could not be found.
#0 C:\Users\PETABIT N-095\Documents\GitHub\cake_p01\cake_p01\app\webroot\index.php(92): Dispatcher->dispatch(Object(CakeRequest), Object(CakeResponse))
#1 C:\Users\PETABIT N-095\Documents\GitHub\cake_p01\cake_p01\index.php(40): require('C:\\Users\\PETABI...')
#2 {main}
2016-11-20 08:21:37 Error: [MissingViewException] View file "C:\Users\PETABIT N-095\Documents\GitHub\cake_p01\cake_p01\app\View\Cakep01\other.ctp" is missing.
#0 C:\Users\PETABIT N-095\Documents\GitHub\cake_p01\cake_p01\lib\Cake\View\View.php(462): View->_getViewFileName(NULL)
#1 C:\Users\PETABIT N-095\Documents\GitHub\cake_p01\cake_p01\lib\Cake\Controller\Controller.php(959): View->render(NULL, NULL)
#2 C:\Users\PETABIT N-095\Documents\GitHub\cake_p01\cake_p01\lib\Cake\Routing\Dispatcher.php(110): Controller->render()
#3 C:\Users\PETABIT N-095\Documents\GitHub\cake_p01\cake_p01\lib\Cake\Routing\Dispatcher.php(85): Dispatcher->_invoke(Object(Cakep01Controller), Object(CakeRequest), Object(CakeResponse))
#4 C:\Users\PETABIT N-095\Documents\GitHub\cake_p01\cake_p01\app\webroot\index.php(92): Dispatcher->dispatch(Object(CakeRequest), Object(CakeResponse))
#5 C:\Users\PETABIT N-095\Documents\GitHub\cake_p01\cake_p01\index.php(40): require('C:\\Users\\PETABI...')
#6 {main}
2016-11-20 08:21:37 Error: [MissingActionException] Action Cakep01Controller::css() could not be found.
#0 C:\Users\PETABIT N-095\Documents\GitHub\cake_p01\cake_p01\lib\Cake\Routing\Dispatcher.php(103): Controller->invokeAction(Object(CakeRequest))
#1 C:\Users\PETABIT N-095\Documents\GitHub\cake_p01\cake_p01\lib\Cake\Routing\Dispatcher.php(85): Dispatcher->_invoke(Object(Cakep01Controller), Object(CakeRequest), Object(CakeResponse))
#2 C:\Users\PETABIT N-095\Documents\GitHub\cake_p01\cake_p01\app\webroot\index.php(92): Dispatcher->dispatch(Object(CakeRequest), Object(CakeResponse))
#3 C:\Users\PETABIT N-095\Documents\GitHub\cake_p01\cake_p01\index.php(40): require('C:\\Users\\PETABI...')
#4 {main}
2016-11-20 08:21:37 Error: [MissingActionException] Action Cakep01Controller::img() could not be found.
#0 C:\Users\PETABIT N-095\Documents\GitHub\cake_p01\cake_p01\lib\Cake\Routing\Dispatcher.php(103): Controller->invokeAction(Object(CakeRequest))
#1 C:\Users\PETABIT N-095\Documents\GitHub\cake_p01\cake_p01\lib\Cake\Routing\Dispatcher.php(85): Dispatcher->_invoke(Object(Cakep01Controller), Object(CakeRequest), Object(CakeResponse))
#2 C:\Users\PETABIT N-095\Documents\GitHub\cake_p01\cake_p01\app\webroot\index.php(92): Dispatcher->dispatch(Object(CakeRequest), Object(CakeResponse))
#3 C:\Users\PETABIT N-095\Documents\GitHub\cake_p01\cake_p01\index.php(40): require('C:\\Users\\PETABI...')
#4 {main}
2016-11-20 08:21:51 Error: [MissingViewException] View file "C:\Users\PETABIT N-095\Documents\GitHub\cake_p01\cake_p01\app\View\Cakep01\other.ctp" is missing.
#0 C:\Users\PETABIT N-095\Documents\GitHub\cake_p01\cake_p01\lib\Cake\View\View.php(462): View->_getViewFileName(NULL)
#1 C:\Users\PETABIT N-095\Documents\GitHub\cake_p01\cake_p01\lib\Cake\Controller\Controller.php(959): View->render(NULL, NULL)
#2 C:\Users\PETABIT N-095\Documents\GitHub\cake_p01\cake_p01\lib\Cake\Routing\Dispatcher.php(110): Controller->render()
#3 C:\Users\PETABIT N-095\Documents\GitHub\cake_p01\cake_p01\lib\Cake\Routing\Dispatcher.php(85): Dispatcher->_invoke(Object(Cakep01Controller), Object(CakeRequest), Object(CakeResponse))
#4 C:\Users\PETABIT N-095\Documents\GitHub\cake_p01\cake_p01\app\webroot\index.php(92): Dispatcher->dispatch(Object(CakeRequest), Object(CakeResponse))
#5 C:\Users\PETABIT N-095\Documents\GitHub\cake_p01\cake_p01\index.php(40): require('C:\\Users\\PETABI...')
#6 {main}
2016-11-20 08:21:51 Error: [MissingActionException] Action Cakep01Controller::css() could not be found.
#0 C:\Users\PETABIT N-095\Documents\GitHub\cake_p01\cake_p01\lib\Cake\Routing\Dispatcher.php(103): Controller->invokeAction(Object(CakeRequest))
#1 C:\Users\PETABIT N-095\Documents\GitHub\cake_p01\cake_p01\lib\Cake\Routing\Dispatcher.php(85): Dispatcher->_invoke(Object(Cakep01Controller), Object(CakeRequest), Object(CakeResponse))
#2 C:\Users\PETABIT N-095\Documents\GitHub\cake_p01\cake_p01\app\webroot\index.php(92): Dispatcher->dispatch(Object(CakeRequest), Object(CakeResponse))
#3 C:\Users\PETABIT N-095\Documents\GitHub\cake_p01\cake_p01\index.php(40): require('C:\\Users\\PETABI...')
#4 {main}
2016-11-20 08:21:51 Error: [MissingActionException] Action Cakep01Controller::img() could not be found.
#0 C:\Users\PETABIT N-095\Documents\GitHub\cake_p01\cake_p01\lib\Cake\Routing\Dispatcher.php(103): Controller->invokeAction(Object(CakeRequest))
#1 C:\Users\PETABIT N-095\Documents\GitHub\cake_p01\cake_p01\lib\Cake\Routing\Dispatcher.php(85): Dispatcher->_invoke(Object(Cakep01Controller), Object(CakeRequest), Object(CakeResponse))
#2 C:\Users\PETABIT N-095\Documents\GitHub\cake_p01\cake_p01\app\webroot\index.php(92): Dispatcher->dispatch(Object(CakeRequest), Object(CakeResponse))
#3 C:\Users\PETABIT N-095\Documents\GitHub\cake_p01\cake_p01\index.php(40): require('C:\\Users\\PETABI...')
#4 {main}
2016-11-20 08:22:16 Error: [MissingControllerException] Controller class CssController could not be found.
#0 C:\Users\PETABIT N-095\Documents\GitHub\cake_p01\cake_p01\app\webroot\index.php(92): Dispatcher->dispatch(Object(CakeRequest), Object(CakeResponse))
#1 C:\Users\PETABIT N-095\Documents\GitHub\cake_p01\cake_p01\index.php(40): require('C:\\Users\\PETABI...')
#2 {main}
2016-11-20 08:22:16 Error: [MissingControllerException] Controller class ImgController could not be found.
#0 C:\Users\PETABIT N-095\Documents\GitHub\cake_p01\cake_p01\app\webroot\index.php(92): Dispatcher->dispatch(Object(CakeRequest), Object(CakeResponse))
#1 C:\Users\PETABIT N-095\Documents\GitHub\cake_p01\cake_p01\index.php(40): require('C:\\Users\\PETABI...')
#2 {main}
2016-11-20 08:22:22 Error: [MissingViewException] View file "C:\Users\PETABIT N-095\Documents\GitHub\cake_p01\cake_p01\app\View\Cakep01\other.ctp" is missing.
#0 C:\Users\PETABIT N-095\Documents\GitHub\cake_p01\cake_p01\lib\Cake\View\View.php(462): View->_getViewFileName(NULL)
#1 C:\Users\PETABIT N-095\Documents\GitHub\cake_p01\cake_p01\lib\Cake\Controller\Controller.php(959): View->render(NULL, NULL)
#2 C:\Users\PETABIT N-095\Documents\GitHub\cake_p01\cake_p01\lib\Cake\Routing\Dispatcher.php(110): Controller->render()
#3 C:\Users\PETABIT N-095\Documents\GitHub\cake_p01\cake_p01\lib\Cake\Routing\Dispatcher.php(85): Dispatcher->_invoke(Object(Cakep01Controller), Object(CakeRequest), Object(CakeResponse))
#4 C:\Users\PETABIT N-095\Documents\GitHub\cake_p01\cake_p01\app\webroot\index.php(92): Dispatcher->dispatch(Object(CakeRequest), Object(CakeResponse))
#5 C:\Users\PETABIT N-095\Documents\GitHub\cake_p01\cake_p01\index.php(40): require('C:\\Users\\PETABI...')
#6 {main}
2016-11-20 08:22:22 Error: [MissingActionException] Action Cakep01Controller::css() could not be found.
#0 C:\Users\PETABIT N-095\Documents\GitHub\cake_p01\cake_p01\lib\Cake\Routing\Dispatcher.php(103): Controller->invokeAction(Object(CakeRequest))
#1 C:\Users\PETABIT N-095\Documents\GitHub\cake_p01\cake_p01\lib\Cake\Routing\Dispatcher.php(85): Dispatcher->_invoke(Object(Cakep01Controller), Object(CakeRequest), Object(CakeResponse))
#2 C:\Users\PETABIT N-095\Documents\GitHub\cake_p01\cake_p01\app\webroot\index.php(92): Dispatcher->dispatch(Object(CakeRequest), Object(CakeResponse))
#3 C:\Users\PETABIT N-095\Documents\GitHub\cake_p01\cake_p01\index.php(40): require('C:\\Users\\PETABI...')
#4 {main}
2016-11-20 08:22:22 Error: [MissingActionException] Action Cakep01Controller::img() could not be found.
#0 C:\Users\PETABIT N-095\Documents\GitHub\cake_p01\cake_p01\lib\Cake\Routing\Dispatcher.php(103): Controller->invokeAction(Object(CakeRequest))
#1 C:\Users\PETABIT N-095\Documents\GitHub\cake_p01\cake_p01\lib\Cake\Routing\Dispatcher.php(85): Dispatcher->_invoke(Object(Cakep01Controller), Object(CakeRequest), Object(CakeResponse))
#2 C:\Users\PETABIT N-095\Documents\GitHub\cake_p01\cake_p01\app\webroot\index.php(92): Dispatcher->dispatch(Object(CakeRequest), Object(CakeResponse))
#3 C:\Users\PETABIT N-095\Documents\GitHub\cake_p01\cake_p01\index.php(40): require('C:\\Users\\PETABI...')
#4 {main}
2016-11-20 08:24:36 Error: [MissingViewException] View file "C:\Users\PETABIT N-095\Documents\GitHub\cake_p01\cake_p01\app\View\Cakep01\other.ctp" is missing.
#0 C:\Users\PETABIT N-095\Documents\GitHub\cake_p01\cake_p01\lib\Cake\View\View.php(462): View->_getViewFileName(NULL)
#1 C:\Users\PETABIT N-095\Documents\GitHub\cake_p01\cake_p01\lib\Cake\Controller\Controller.php(959): View->render(NULL, NULL)
#2 C:\Users\PETABIT N-095\Documents\GitHub\cake_p01\cake_p01\lib\Cake\Routing\Dispatcher.php(110): Controller->render()
#3 C:\Users\PETABIT N-095\Documents\GitHub\cake_p01\cake_p01\lib\Cake\Routing\Dispatcher.php(85): Dispatcher->_invoke(Object(Cakep01Controller), Object(CakeRequest), Object(CakeResponse))
#4 C:\Users\PETABIT N-095\Documents\GitHub\cake_p01\cake_p01\app\webroot\index.php(92): Dispatcher->dispatch(Object(CakeRequest), Object(CakeResponse))
#5 C:\Users\PETABIT N-095\Documents\GitHub\cake_p01\cake_p01\index.php(40): require('C:\\Users\\PETABI...')
#6 {main}
2016-11-20 08:24:36 Error: [MissingActionException] Action Cakep01Controller::css() could not be found.
#0 C:\Users\PETABIT N-095\Documents\GitHub\cake_p01\cake_p01\lib\Cake\Routing\Dispatcher.php(103): Controller->invokeAction(Object(CakeRequest))
#1 C:\Users\PETABIT N-095\Documents\GitHub\cake_p01\cake_p01\lib\Cake\Routing\Dispatcher.php(85): Dispatcher->_invoke(Object(Cakep01Controller), Object(CakeRequest), Object(CakeResponse))
#2 C:\Users\PETABIT N-095\Documents\GitHub\cake_p01\cake_p01\app\webroot\index.php(92): Dispatcher->dispatch(Object(CakeRequest), Object(CakeResponse))
#3 C:\Users\PETABIT N-095\Documents\GitHub\cake_p01\cake_p01\index.php(40): require('C:\\Users\\PETABI...')
#4 {main}
2016-11-20 08:24:37 Error: [MissingActionException] Action Cakep01Controller::img() could not be found.
#0 C:\Users\PETABIT N-095\Documents\GitHub\cake_p01\cake_p01\lib\Cake\Routing\Dispatcher.php(103): Controller->invokeAction(Object(CakeRequest))
#1 C:\Users\PETABIT N-095\Documents\GitHub\cake_p01\cake_p01\lib\Cake\Routing\Dispatcher.php(85): Dispatcher->_invoke(Object(Cakep01Controller), Object(CakeRequest), Object(CakeResponse))
#2 C:\Users\PETABIT N-095\Documents\GitHub\cake_p01\cake_p01\app\webroot\index.php(92): Dispatcher->dispatch(Object(CakeRequest), Object(CakeResponse))
#3 C:\Users\PETABIT N-095\Documents\GitHub\cake_p01\cake_p01\index.php(40): require('C:\\Users\\PETABI...')
#4 {main}
2016-11-20 08:25:08 Error: [MissingViewException] View file "C:\Users\PETABIT N-095\Documents\GitHub\cake_p01\cake_p01\app\View\Cakep01\other.ctp" is missing.
#0 C:\Users\PETABIT N-095\Documents\GitHub\cake_p01\cake_p01\lib\Cake\View\View.php(462): View->_getViewFileName(NULL)
#1 C:\Users\PETABIT N-095\Documents\GitHub\cake_p01\cake_p01\lib\Cake\Controller\Controller.php(959): View->render(NULL, NULL)
#2 C:\Users\PETABIT N-095\Documents\GitHub\cake_p01\cake_p01\lib\Cake\Routing\Dispatcher.php(110): Controller->render()
#3 C:\Users\PETABIT N-095\Documents\GitHub\cake_p01\cake_p01\lib\Cake\Routing\Dispatcher.php(85): Dispatcher->_invoke(Object(Cakep01Controller), Object(CakeRequest), Object(CakeResponse))
#4 C:\Users\PETABIT N-095\Documents\GitHub\cake_p01\cake_p01\app\webroot\index.php(92): Dispatcher->dispatch(Object(CakeRequest), Object(CakeResponse))
#5 C:\Users\PETABIT N-095\Documents\GitHub\cake_p01\cake_p01\index.php(40): require('C:\\Users\\PETABI...')
#6 {main}
2016-11-20 08:25:08 Error: [MissingActionException] Action Cakep01Controller::css() could not be found.
#0 C:\Users\PETABIT N-095\Documents\GitHub\cake_p01\cake_p01\lib\Cake\Routing\Dispatcher.php(103): Controller->invokeAction(Object(CakeRequest))
#1 C:\Users\PETABIT N-095\Documents\GitHub\cake_p01\cake_p01\lib\Cake\Routing\Dispatcher.php(85): Dispatcher->_invoke(Object(Cakep01Controller), Object(CakeRequest), Object(CakeResponse))
#2 C:\Users\PETABIT N-095\Documents\GitHub\cake_p01\cake_p01\app\webroot\index.php(92): Dispatcher->dispatch(Object(CakeRequest), Object(CakeResponse))
#3 C:\Users\PETABIT N-095\Documents\GitHub\cake_p01\cake_p01\index.php(40): require('C:\\Users\\PETABI...')
#4 {main}
2016-11-20 08:25:08 Error: [MissingActionException] Action Cakep01Controller::img() could not be found.
#0 C:\Users\PETABIT N-095\Documents\GitHub\cake_p01\cake_p01\lib\Cake\Routing\Dispatcher.php(103): Controller->invokeAction(Object(CakeRequest))
#1 C:\Users\PETABIT N-095\Documents\GitHub\cake_p01\cake_p01\lib\Cake\Routing\Dispatcher.php(85): Dispatcher->_invoke(Object(Cakep01Controller), Object(CakeRequest), Object(CakeResponse))
#2 C:\Users\PETABIT N-095\Documents\GitHub\cake_p01\cake_p01\app\webroot\index.php(92): Dispatcher->dispatch(Object(CakeRequest), Object(CakeResponse))
#3 C:\Users\PETABIT N-095\Documents\GitHub\cake_p01\cake_p01\index.php(40): require('C:\\Users\\PETABI...')
#4 {main}
2016-11-20 08:25:17 Error: [MissingControllerException] Controller class CssController could not be found.
#0 C:\Users\PETABIT N-095\Documents\GitHub\cake_p01\cake_p01\app\webroot\index.php(92): Dispatcher->dispatch(Object(CakeRequest), Object(CakeResponse))
#1 C:\Users\PETABIT N-095\Documents\GitHub\cake_p01\cake_p01\index.php(40): require('C:\\Users\\PETABI...')
#2 {main}
2016-11-20 08:25:17 Error: [MissingControllerException] Controller class ImgController could not be found.
#0 C:\Users\PETABIT N-095\Documents\GitHub\cake_p01\cake_p01\app\webroot\index.php(92): Dispatcher->dispatch(Object(CakeRequest), Object(CakeResponse))
#1 C:\Users\PETABIT N-095\Documents\GitHub\cake_p01\cake_p01\index.php(40): require('C:\\Users\\PETABI...')
#2 {main}
2016-11-20 08:25:53 Error: [MissingViewException] View file "C:\Users\PETABIT N-095\Documents\GitHub\cake_p01\cake_p01\app\View\Cakep01\other.ctp" is missing.
#0 C:\Users\PETABIT N-095\Documents\GitHub\cake_p01\cake_p01\lib\Cake\View\View.php(462): View->_getViewFileName(NULL)
#1 C:\Users\PETABIT N-095\Documents\GitHub\cake_p01\cake_p01\lib\Cake\Controller\Controller.php(959): View->render(NULL, NULL)
#2 C:\Users\PETABIT N-095\Documents\GitHub\cake_p01\cake_p01\lib\Cake\Routing\Dispatcher.php(110): Controller->render()
#3 C:\Users\PETABIT N-095\Documents\GitHub\cake_p01\cake_p01\lib\Cake\Routing\Dispatcher.php(85): Dispatcher->_invoke(Object(Cakep01Controller), Object(CakeRequest), Object(CakeResponse))
#4 C:\Users\PETABIT N-095\Documents\GitHub\cake_p01\cake_p01\app\webroot\index.php(92): Dispatcher->dispatch(Object(CakeRequest), Object(CakeResponse))
#5 C:\Users\PETABIT N-095\Documents\GitHub\cake_p01\cake_p01\index.php(40): require('C:\\Users\\PETABI...')
#6 {main}
2016-11-20 08:25:53 Error: [MissingActionException] Action Cakep01Controller::css() could not be found.
#0 C:\Users\PETABIT N-095\Documents\GitHub\cake_p01\cake_p01\lib\Cake\Routing\Dispatcher.php(103): Controller->invokeAction(Object(CakeRequest))
#1 C:\Users\PETABIT N-095\Documents\GitHub\cake_p01\cake_p01\lib\Cake\Routing\Dispatcher.php(85): Dispatcher->_invoke(Object(Cakep01Controller), Object(CakeRequest), Object(CakeResponse))
#2 C:\Users\PETABIT N-095\Documents\GitHub\cake_p01\cake_p01\app\webroot\index.php(92): Dispatcher->dispatch(Object(CakeRequest), Object(CakeResponse))
#3 C:\Users\PETABIT N-095\Documents\GitHub\cake_p01\cake_p01\index.php(40): require('C:\\Users\\PETABI...')
#4 {main}
2016-11-20 08:25:53 Error: [MissingActionException] Action Cakep01Controller::img() could not be found.
#0 C:\Users\PETABIT N-095\Documents\GitHub\cake_p01\cake_p01\lib\Cake\Routing\Dispatcher.php(103): Controller->invokeAction(Object(CakeRequest))
#1 C:\Users\PETABIT N-095\Documents\GitHub\cake_p01\cake_p01\lib\Cake\Routing\Dispatcher.php(85): Dispatcher->_invoke(Object(Cakep01Controller), Object(CakeRequest), Object(CakeResponse))
#2 C:\Users\PETABIT N-095\Documents\GitHub\cake_p01\cake_p01\app\webroot\index.php(92): Dispatcher->dispatch(Object(CakeRequest), Object(CakeResponse))
#3 C:\Users\PETABIT N-095\Documents\GitHub\cake_p01\cake_p01\index.php(40): require('C:\\Users\\PETABI...')
#4 {main}
2016-11-20 08:28:34 Error: [MissingControllerException] Controller class CssController could not be found.
#0 C:\Users\PETABIT N-095\Documents\GitHub\cake_p01\cake_p01\app\webroot\index.php(92): Dispatcher->dispatch(Object(CakeRequest), Object(CakeResponse))
#1 C:\Users\PETABIT N-095\Documents\GitHub\cake_p01\cake_p01\index.php(40): require('C:\\Users\\PETABI...')
#2 {main}
2016-11-20 08:28:35 Error: [MissingControllerException] Controller class ImgController could not be found.
#0 C:\Users\PETABIT N-095\Documents\GitHub\cake_p01\cake_p01\app\webroot\index.php(92): Dispatcher->dispatch(Object(CakeRequest), Object(CakeResponse))
#1 C:\Users\PETABIT N-095\Documents\GitHub\cake_p01\cake_p01\index.php(40): require('C:\\Users\\PETABI...')
#2 {main}
2016-11-20 08:29:46 Error: [MissingActionException] Action Cakep01Controller::css() could not be found.
#0 C:\Users\PETABIT N-095\Documents\GitHub\cake_p01\cake_p01\lib\Cake\Routing\Dispatcher.php(103): Controller->invokeAction(Object(CakeRequest))
#1 C:\Users\PETABIT N-095\Documents\GitHub\cake_p01\cake_p01\lib\Cake\Routing\Dispatcher.php(85): Dispatcher->_invoke(Object(Cakep01Controller), Object(CakeRequest), Object(CakeResponse))
#2 C:\Users\PETABIT N-095\Documents\GitHub\cake_p01\cake_p01\app\webroot\index.php(92): Dispatcher->dispatch(Object(CakeRequest), Object(CakeResponse))
#3 C:\Users\PETABIT N-095\Documents\GitHub\cake_p01\cake_p01\index.php(40): require('C:\\Users\\PETABI...')
#4 {main}
2016-11-20 08:29:46 Error: [MissingActionException] Action Cakep01Controller::img() could not be found.
#0 C:\Users\PETABIT N-095\Documents\GitHub\cake_p01\cake_p01\lib\Cake\Routing\Dispatcher.php(103): Controller->invokeAction(Object(CakeRequest))
#1 C:\Users\PETABIT N-095\Documents\GitHub\cake_p01\cake_p01\lib\Cake\Routing\Dispatcher.php(85): Dispatcher->_invoke(Object(Cakep01Controller), Object(CakeRequest), Object(CakeResponse))
#2 C:\Users\PETABIT N-095\Documents\GitHub\cake_p01\cake_p01\app\webroot\index.php(92): Dispatcher->dispatch(Object(CakeRequest), Object(CakeResponse))
#3 C:\Users\PETABIT N-095\Documents\GitHub\cake_p01\cake_p01\index.php(40): require('C:\\Users\\PETABI...')
#4 {main}
2016-11-20 08:56:02 Error: [MissingActionException] Action Cakep01Controller::css() could not be found.
#0 C:\Users\PETABIT N-095\Documents\GitHub\cake_p01\cake_p01\lib\Cake\Routing\Dispatcher.php(103): Controller->invokeAction(Object(CakeRequest))
#1 C:\Users\PETABIT N-095\Documents\GitHub\cake_p01\cake_p01\lib\Cake\Routing\Dispatcher.php(85): Dispatcher->_invoke(Object(Cakep01Controller), Object(CakeRequest), Object(CakeResponse))
#2 C:\Users\PETABIT N-095\Documents\GitHub\cake_p01\cake_p01\app\webroot\index.php(92): Dispatcher->dispatch(Object(CakeRequest), Object(CakeResponse))
#3 C:\Users\PETABIT N-095\Documents\GitHub\cake_p01\cake_p01\index.php(40): require('C:\\Users\\PETABI...')
#4 {main}
2016-11-20 08:56:04 Error: [MissingActionException] Action Cakep01Controller::css() could not be found.
#0 C:\Users\PETABIT N-095\Documents\GitHub\cake_p01\cake_p01\lib\Cake\Routing\Dispatcher.php(103): Controller->invokeAction(Object(CakeRequest))
#1 C:\Users\PETABIT N-095\Documents\GitHub\cake_p01\cake_p01\lib\Cake\Routing\Dispatcher.php(85): Dispatcher->_invoke(Object(Cakep01Controller), Object(CakeRequest), Object(CakeResponse))
#2 C:\Users\PETABIT N-095\Documents\GitHub\cake_p01\cake_p01\app\webroot\index.php(92): Dispatcher->dispatch(Object(CakeRequest), Object(CakeResponse))
#3 C:\Users\PETABIT N-095\Documents\GitHub\cake_p01\cake_p01\index.php(40): require('C:\\Users\\PETABI...')
#4 {main}
2016-11-20 08:57:13 Error: [MissingControllerException] Controller class CssController could not be found.
#0 C:\Users\PETABIT N-095\Documents\GitHub\cake_p01\cake_p01\app\webroot\index.php(92): Dispatcher->dispatch(Object(CakeRequest), Object(CakeResponse))
#1 C:\Users\PETABIT N-095\Documents\GitHub\cake_p01\cake_p01\index.php(40): require('C:\\Users\\PETABI...')
#2 {main}
2016-11-20 08:58:23 Error: [MissingControllerException] Controller class CssController could not be found.
#0 C:\Users\PETABIT N-095\Documents\GitHub\cake_p01\cake_p01\app\webroot\index.php(92): Dispatcher->dispatch(Object(CakeRequest), Object(CakeResponse))
#1 C:\Users\PETABIT N-095\Documents\GitHub\cake_p01\cake_p01\index.php(40): require('C:\\Users\\PETABI...')
#2 {main}
2016-11-20 08:59:39 Error: [MissingControllerException] Controller class CssController could not be found.
#0 C:\Users\PETABIT N-095\Documents\GitHub\cake_p01\cake_p01\app\webroot\index.php(92): Dispatcher->dispatch(Object(CakeRequest), Object(CakeResponse))
#1 C:\Users\PETABIT N-095\Documents\GitHub\cake_p01\cake_p01\index.php(40): require('C:\\Users\\PETABI...')
#2 {main}
2016-11-20 09:00:05 Error: [MissingControllerException] Controller class CssController could not be found.
#0 C:\Users\PETABIT N-095\Documents\GitHub\cake_p01\cake_p01\app\webroot\index.php(92): Dispatcher->dispatch(Object(CakeRequest), Object(CakeResponse))
#1 C:\Users\PETABIT N-095\Documents\GitHub\cake_p01\cake_p01\index.php(40): require('C:\\Users\\PETABI...')
#2 {main}
2016-11-20 09:00:19 Error: [MissingControllerException] Controller class CssController could not be found.
#0 C:\Users\PETABIT N-095\Documents\GitHub\cake_p01\cake_p01\app\webroot\index.php(92): Dispatcher->dispatch(Object(CakeRequest), Object(CakeResponse))
#1 C:\Users\PETABIT N-095\Documents\GitHub\cake_p01\cake_p01\index.php(40): require('C:\\Users\\PETABI...')
#2 {main}
2016-11-20 09:00:43 Error: [MissingControllerException] Controller class CssController could not be found.
#0 C:\Users\PETABIT N-095\Documents\GitHub\cake_p01\cake_p01\app\webroot\index.php(92): Dispatcher->dispatch(Object(CakeRequest), Object(CakeResponse))
#1 C:\Users\PETABIT N-095\Documents\GitHub\cake_p01\cake_p01\index.php(40): require('C:\\Users\\PETABI...')
#2 {main}
2016-11-20 09:00:43 Error: [MissingControllerException] Controller class ImgController could not be found.
#0 C:\Users\PETABIT N-095\Documents\GitHub\cake_p01\cake_p01\app\webroot\index.php(92): Dispatcher->dispatch(Object(CakeRequest), Object(CakeResponse))
#1 C:\Users\PETABIT N-095\Documents\GitHub\cake_p01\cake_p01\index.php(40): require('C:\\Users\\PETABI...')
#2 {main}
2016-11-20 09:00:56 Error: [MissingControllerException] Controller class CssController could not be found.
#0 C:\Users\PETABIT N-095\Documents\GitHub\cake_p01\cake_p01\app\webroot\index.php(92): Dispatcher->dispatch(Object(CakeRequest), Object(CakeResponse))
#1 C:\Users\PETABIT N-095\Documents\GitHub\cake_p01\cake_p01\index.php(40): require('C:\\Users\\PETABI...')
#2 {main}
2016-11-20 09:01:17 Error: [MissingControllerException] Controller class CssController could not be found.
#0 C:\Users\PETABIT N-095\Documents\GitHub\cake_p01\cake_p01\app\webroot\index.php(92): Dispatcher->dispatch(Object(CakeRequest), Object(CakeResponse))
#1 C:\Users\PETABIT N-095\Documents\GitHub\cake_p01\cake_p01\index.php(40): require('C:\\Users\\PETABI...')
#2 {main}
2016-11-20 09:02:07 Error: [MissingControllerException] Controller class CssController could not be found.
#0 C:\Users\PETABIT N-095\Documents\GitHub\cake_p01\cake_p01\app\webroot\index.php(92): Dispatcher->dispatch(Object(CakeRequest), Object(CakeResponse))
#1 C:\Users\PETABIT N-095\Documents\GitHub\cake_p01\cake_p01\index.php(40): require('C:\\Users\\PETABI...')
#2 {main}
2016-11-20 09:03:09 Error: [MissingControllerException] Controller class CssController could not be found.
#0 C:\Users\PETABIT N-095\Documents\GitHub\cake_p01\cake_p01\app\webroot\index.php(92): Dispatcher->dispatch(Object(CakeRequest), Object(CakeResponse))
#1 C:\Users\PETABIT N-095\Documents\GitHub\cake_p01\cake_p01\index.php(40): require('C:\\Users\\PETABI...')
#2 {main}
2016-11-20 09:03:11 Error: [MissingControllerException] Controller class CssController could not be found.
#0 C:\Users\PETABIT N-095\Documents\GitHub\cake_p01\cake_p01\app\webroot\index.php(92): Dispatcher->dispatch(Object(CakeRequest), Object(CakeResponse))
#1 C:\Users\PETABIT N-095\Documents\GitHub\cake_p01\cake_p01\index.php(40): require('C:\\Users\\PETABI...')
#2 {main}
2016-11-20 09:11:53 Error: [MissingControllerException] Controller class CssController could not be found.
#0 C:\Users\PETABIT N-095\Documents\GitHub\cake_p01\cake_p01\app\webroot\index.php(92): Dispatcher->dispatch(Object(CakeRequest), Object(CakeResponse))
#1 C:\Users\PETABIT N-095\Documents\GitHub\cake_p01\cake_p01\index.php(40): require('C:\\Users\\PETABI...')
#2 {main}
2016-11-20 09:12:50 Error: [MissingControllerException] Controller class CssController could not be found.
#0 C:\Users\PETABIT N-095\Documents\GitHub\cake_p01\cake_p01\app\webroot\index.php(92): Dispatcher->dispatch(Object(CakeRequest), Object(CakeResponse))
#1 C:\Users\PETABIT N-095\Documents\GitHub\cake_p01\cake_p01\index.php(40): require('C:\\Users\\PETABI...')
#2 {main}
2016-11-20 09:13:07 Error: [MissingControllerException] Controller class CssController could not be found.
#0 C:\Users\PETABIT N-095\Documents\GitHub\cake_p01\cake_p01\app\webroot\index.php(92): Dispatcher->dispatch(Object(CakeRequest), Object(CakeResponse))
#1 C:\Users\PETABIT N-095\Documents\GitHub\cake_p01\cake_p01\index.php(40): require('C:\\Users\\PETABI...')
#2 {main}
2016-11-20 09:13:07 Error: [MissingControllerException] Controller class ImgController could not be found.
#0 C:\Users\PETABIT N-095\Documents\GitHub\cake_p01\cake_p01\app\webroot\index.php(92): Dispatcher->dispatch(Object(CakeRequest), Object(CakeResponse))
#1 C:\Users\PETABIT N-095\Documents\GitHub\cake_p01\cake_p01\index.php(40): require('C:\\Users\\PETABI...')
#2 {main}
